<?xml version="1.0" encoding="UTF-8"?>
<testsuite name="br.com.codenation.StatisticUtilTest" tests="3" skipped="0" failures="0" errors="0" timestamp="2021-03-06T21:57:39" hostname="marcelo-tryber" time="0.009">
  <properties/>
  <testcase name="testMode" classname="br.com.codenation.StatisticUtilTest" time="0.003"/>
  <testcase name="testAverage" classname="br.com.codenation.StatisticUtilTest" time="0.003"/>
  <testcase name="testMedian" classname="br.com.codenation.StatisticUtilTest" time="0.001"/>
  <system-out><![CDATA[]]></system-out>
  <system-err><![CDATA[]]></system-err>
</testsuite>
